{"level":"info","message":"初始化 NeedleBot AI 系统...","service":"needlebot-ai","timestamp":"2026-03-03 01:41:10.705"}
{"level":"info","message":"系统组件初始化完成","service":"needlebot-ai","timestamp":"2026-03-03 01:41:10.727"}
{"level":"info","message":"🚀 启动 NeedleBot AI 系统...","service":"needlebot-ai","timestamp":"2026-03-03 01:41:10.733"}
{"level":"info","message":"🚀 启动监控系统...","service":"needlebot-ai","timestamp":"2026-03-03 01:41:10.738"}
{"level":"info","message":"✅ 监控系统已启动，检查间隔: 30000ms","service":"needlebot-ai","timestamp":"2026-03-03 01:41:10.745"}
{"level":"info","message":"📊 监控系统已启动","service":"needlebot-ai","timestamp":"2026-03-03 01:41:10.751"}
{"level":"warn","message":"[告警] CPU使用率过高: 244.5%","service":"needlebot-ai","timestamp":"2026-03-03 01:41:10.781"}
{"level":"info","message":"加载了 0 条历史交易记录","service":"needlebot-ai","timestamp":"2026-03-03 01:41:10.853"}
{"level":"info","message":"模拟交易系统初始化完成，初始余额: 1 SOL","service":"needlebot-ai","timestamp":"2026-03-03 01:41:10.855"}
{"level":"info","message":"获取到 30 个代币 (多数据源)","service":"needlebot-ai","timestamp":"2026-03-03 01:41:16.016"}
{"level":"info","message":"✅ 系统已启动，扫描间隔: 5000ms","service":"needlebot-ai","timestamp":"2026-03-03 01:41:16.029"}
{"level":"info","message":"获取到 30 个代币 (多数据源)","service":"needlebot-ai","timestamp":"2026-03-03 01:41:21.177"}
{"level":"info","message":"获取到 30 个代币 (多数据源)","service":"needlebot-ai","timestamp":"2026-03-03 01:41:26.147"}
{"level":"info","message":"获取到 30 个代币 (多数据源)","service":"needlebot-ai","timestamp":"2026-03-03 01:41:31.161"}
{"level":"info","message":"获取到 30 个代币 (多数据源)","service":"needlebot-ai","timestamp":"2026-03-03 01:41:36.156"}
{"level":"info","message":"获取到 30 个代币 (多数据源)","service":"needlebot-ai","timestamp":"2026-03-03 01:41:41.556"}
{"level":"info","message":"获取到 30 个代币 (多数据源)","service":"needlebot-ai","timestamp":"2026-03-03 01:41:50.394"}
{"level":"info","message":"获取到 30 个代币 (多数据源)","service":"needlebot-ai","timestamp":"2026-03-03 01:41:51.164"}
{"level":"info","message":"获取到 30 个代币 (多数据源)","service":"needlebot-ai","timestamp":"2026-03-03 01:41:56.171"}
{"level":"info","message":"获取到 30 个代币 (多数据源)","service":"needlebot-ai","timestamp":"2026-03-03 01:42:01.170"}
{"level":"info","message":"获取到 30 个代币 (多数据源)","service":"needlebot-ai","timestamp":"2026-03-03 01:42:06.174"}
{"level":"info","message":"获取到 30 个代币 (多数据源)","service":"needlebot-ai","timestamp":"2026-03-03 01:42:11.172"}
{"level":"info","message":"获取到 30 个代币 (多数据源)","service":"needlebot-ai","timestamp":"2026-03-03 01:42:16.915"}
{"level":"info","message":"获取到 30 个代币 (多数据源)","service":"needlebot-ai","timestamp":"2026-03-03 01:42:24.913"}
{"level":"info","message":"初始化 NeedleBot AI 系统...","service":"needlebot-ai","timestamp":"2026-03-03 01:42:33.892"}
{"level":"info","message":"系统组件初始化完成","service":"needlebot-ai","timestamp":"2026-03-03 01:42:33.911"}
{"level":"info","message":"🚀 启动 NeedleBot AI 系统...","service":"needlebot-ai","timestamp":"2026-03-03 01:42:33.915"}
{"level":"info","message":"🚀 启动监控系统...","service":"needlebot-ai","timestamp":"2026-03-03 01:42:33.920"}
{"level":"info","message":"✅ 监控系统已启动，检查间隔: 30000ms","service":"needlebot-ai","timestamp":"2026-03-03 01:42:33.925"}
{"level":"info","message":"📊 监控系统已启动","service":"needlebot-ai","timestamp":"2026-03-03 01:42:33.930"}
{"level":"warn","message":"[告警] CPU使用率过高: 243.7%","service":"needlebot-ai","timestamp":"2026-03-03 01:42:33.976"}
{"level":"info","message":"加载了 0 条历史交易记录","service":"needlebot-ai","timestamp":"2026-03-03 01:42:34.036"}
{"level":"info","message":"模拟交易系统初始化完成，初始余额: 1 SOL","service":"needlebot-ai","timestamp":"2026-03-03 01:42:34.038"}
{"level":"info","message":"获取到 30 个代币 (多数据源)","service":"needlebot-ai","timestamp":"2026-03-03 01:42:35.730"}
{"level":"info","message":"✅ 系统已启动，扫描间隔: 5000ms","service":"needlebot-ai","timestamp":"2026-03-03 01:42:35.738"}
{"level":"info","message":"获取到 30 个代币 (多数据源)","service":"needlebot-ai","timestamp":"2026-03-03 01:42:40.872"}
{"level":"info","message":"获取到 30 个代币 (多数据源)","service":"needlebot-ai","timestamp":"2026-03-03 01:42:45.861"}
{"level":"info","message":"获取到 30 个代币 (多数据源)","service":"needlebot-ai","timestamp":"2026-03-03 01:42:50.859"}
{"level":"info","message":"获取到 30 个代币 (多数据源)","service":"needlebot-ai","timestamp":"2026-03-03 01:42:55.862"}
{"level":"info","message":"获取到 30 个代币 (多数据源)","service":"needlebot-ai","timestamp":"2026-03-03 01:43:00.861"}
{"level":"info","message":"获取到 30 个代币 (多数据源)","service":"needlebot-ai","timestamp":"2026-03-03 01:43:10.511"}
{"level":"info","message":"获取到 30 个代币 (多数据源)","service":"needlebot-ai","timestamp":"2026-03-03 01:43:10.861"}
{"level":"info","message":"获取到 30 个代币 (多数据源)","service":"needlebot-ai","timestamp":"2026-03-03 01:43:15.865"}
{"level":"info","message":"获取到 30 个代币 (多数据源)","service":"needlebot-ai","timestamp":"2026-03-03 01:43:20.873"}
{"level":"info","message":"获取到 30 个代币 (多数据源)","service":"needlebot-ai","timestamp":"2026-03-03 01:43:25.872"}
{"level":"info","message":"获取到 30 个代币 (多数据源)","service":"needlebot-ai","timestamp":"2026-03-03 01:43:30.871"}
{"level":"info","message":"获取到 30 个代币 (多数据源)","service":"needlebot-ai","timestamp":"2026-03-03 01:43:35.869"}
{"level":"info","message":"获取到 30 个代币 (多数据源)","service":"needlebot-ai","timestamp":"2026-03-03 01:43:45.832"}
{"level":"info","message":"获取到 30 个代币 (多数据源)","service":"needlebot-ai","timestamp":"2026-03-03 01:43:45.873"}
{"level":"info","message":"获取到 30 个代币 (多数据源)","service":"needlebot-ai","timestamp":"2026-03-03 01:43:50.874"}
{"level":"info","message":"获取到 30 个代币 (多数据源)","service":"needlebot-ai","timestamp":"2026-03-03 01:43:55.878"}
{"level":"info","message":"获取到 30 个代币 (多数据源)","service":"needlebot-ai","timestamp":"2026-03-03 01:44:00.881"}
{"level":"info","message":"获取到 30 个代币 (多数据源)","service":"needlebot-ai","timestamp":"2026-03-03 01:44:05.879"}
{"level":"info","message":"获取到 30 个代币 (多数据源)","service":"needlebot-ai","timestamp":"2026-03-03 01:44:10.891"}
{"level":"info","message":"获取到 30 个代币 (多数据源)","service":"needlebot-ai","timestamp":"2026-03-03 01:44:20.713"}
{"level":"info","message":"获取到 30 个代币 (多数据源)","service":"needlebot-ai","timestamp":"2026-03-03 01:44:20.890"}
{"level":"info","message":"获取到 30 个代币 (多数据源)","service":"needlebot-ai","timestamp":"2026-03-03 01:44:25.888"}
{"level":"info","message":"获取到 30 个代币 (多数据源)","service":"needlebot-ai","timestamp":"2026-03-03 01:44:30.896"}
{"level":"info","message":"获取到 30 个代币 (多数据源)","service":"needlebot-ai","timestamp":"2026-03-03 01:44:35.889"}
{"level":"info","message":"获取到 30 个代币 (多数据源)","service":"needlebot-ai","timestamp":"2026-03-03 01:44:40.892"}
{"level":"info","message":"获取到 30 个代币 (多数据源)","service":"needlebot-ai","timestamp":"2026-03-03 01:44:45.892"}
{"level":"info","message":"获取到 30 个代币 (多数据源)","service":"needlebot-ai","timestamp":"2026-03-03 01:44:55.769"}
{"level":"info","message":"获取到 30 个代币 (多数据源)","service":"needlebot-ai","timestamp":"2026-03-03 01:44:55.895"}
{"level":"info","message":"获取到 30 个代币 (多数据源)","service":"needlebot-ai","timestamp":"2026-03-03 01:45:00.901"}
{"level":"info","message":"获取到 30 个代币 (多数据源)","service":"needlebot-ai","timestamp":"2026-03-03 01:45:05.957"}
{"level":"info","message":"获取到 30 个代币 (多数据源)","service":"needlebot-ai","timestamp":"2026-03-03 01:45:10.904"}
{"level":"info","message":"获取到 30 个代币 (多数据源)","service":"needlebot-ai","timestamp":"2026-03-03 01:45:15.927"}
{"level":"info","message":"获取到 30 个代币 (多数据源)","service":"needlebot-ai","timestamp":"2026-03-03 01:45:20.914"}
{"level":"info","message":"获取到 30 个代币 (多数据源)","service":"needlebot-ai","timestamp":"2026-03-03 01:45:31.479"}
{"level":"info","message":"获取到 30 个代币 (多数据源)","service":"needlebot-ai","timestamp":"2026-03-03 01:45:31.497"}
{"level":"info","message":"获取到 30 个代币 (多数据源)","service":"needlebot-ai","timestamp":"2026-03-03 01:45:35.931"}
{"level":"info","message":"获取到 30 个代币 (多数据源)","service":"needlebot-ai","timestamp":"2026-03-03 01:45:40.932"}
{"level":"info","message":"获取到 30 个代币 (多数据源)","service":"needlebot-ai","timestamp":"2026-03-03 01:45:45.910"}
{"level":"info","message":"获取到 30 个代币 (多数据源)","service":"needlebot-ai","timestamp":"2026-03-03 01:45:50.910"}
{"level":"info","message":"获取到 30 个代币 (多数据源)","service":"needlebot-ai","timestamp":"2026-03-03 01:45:55.917"}
{"level":"info","message":"获取到 30 个代币 (多数据源)","service":"needlebot-ai","timestamp":"2026-03-03 01:46:06.838"}
{"level":"info","message":"获取到 30 个代币 (多数据源)","service":"needlebot-ai","timestamp":"2026-03-03 01:46:06.968"}
{"level":"info","message":"获取到 30 个代币 (多数据源)","service":"needlebot-ai","timestamp":"2026-03-03 01:46:10.925"}
{"level":"info","message":"获取到 30 个代币 (多数据源)","service":"needlebot-ai","timestamp":"2026-03-03 01:46:15.926"}
{"level":"info","message":"获取到 30 个代币 (多数据源)","service":"needlebot-ai","timestamp":"2026-03-03 01:46:20.924"}
{"level":"info","message":"获取到 30 个代币 (多数据源)","service":"needlebot-ai","timestamp":"2026-03-03 01:46:25.920"}
{"level":"info","message":"获取到 30 个代币 (多数据源)","service":"needlebot-ai","timestamp":"2026-03-03 01:46:30.917"}
{"level":"info","message":"获取到 30 个代币 (多数据源)","service":"needlebot-ai","timestamp":"2026-03-03 01:46:41.142"}
{"level":"info","message":"获取到 30 个代币 (多数据源)","service":"needlebot-ai","timestamp":"2026-03-03 01:46:41.167"}
{"level":"info","message":"获取到 30 个代币 (多数据源)","service":"needlebot-ai","timestamp":"2026-03-03 01:46:45.927"}
{"level":"info","message":"获取到 30 个代币 (多数据源)","service":"needlebot-ai","timestamp":"2026-03-03 01:46:50.938"}
{"level":"info","message":"获取到 30 个代币 (多数据源)","service":"needlebot-ai","timestamp":"2026-03-03 01:46:55.928"}
{"level":"info","message":"获取到 30 个代币 (多数据源)","service":"needlebot-ai","timestamp":"2026-03-03 01:47:00.932"}
{"level":"info","message":"获取到 30 个代币 (多数据源)","service":"needlebot-ai","timestamp":"2026-03-03 01:47:05.938"}
{"level":"info","message":"获取到 30 个代币 (多数据源)","service":"needlebot-ai","timestamp":"2026-03-03 01:47:16.273"}
{"level":"info","message":"获取到 30 个代币 (多数据源)","service":"needlebot-ai","timestamp":"2026-03-03 01:47:16.305"}
{"level":"info","message":"获取到 30 个代币 (多数据源)","service":"needlebot-ai","timestamp":"2026-03-03 01:47:20.941"}
{"level":"info","message":"初始化 NeedleBot AI 系统...","service":"needlebot-ai","timestamp":"2026-03-03 01:47:32.601"}
{"level":"info","message":"系统组件初始化完成","service":"needlebot-ai","timestamp":"2026-03-03 01:47:32.619"}
{"level":"info","message":"🚀 启动 NeedleBot AI 系统...","service":"needlebot-ai","timestamp":"2026-03-03 01:47:32.625"}
{"level":"info","message":"🚀 启动监控系统...","service":"needlebot-ai","timestamp":"2026-03-03 01:47:32.645"}
{"level":"info","message":"✅ 监控系统已启动，检查间隔: 30000ms","service":"needlebot-ai","timestamp":"2026-03-03 01:47:32.653"}
{"level":"info","message":"📊 监控系统已启动","service":"needlebot-ai","timestamp":"2026-03-03 01:47:32.659"}
{"level":"warn","message":"[告警] CPU使用率过高: 235.2%","service":"needlebot-ai","timestamp":"2026-03-03 01:47:32.693"}
{"level":"info","message":"加载了 0 条历史交易记录","service":"needlebot-ai","timestamp":"2026-03-03 01:47:32.736"}
{"level":"info","message":"模拟交易系统初始化完成，初始余额: 1 SOL","service":"needlebot-ai","timestamp":"2026-03-03 01:47:32.738"}
{"level":"info","message":"获取到 30 个代币 (多数据源)","service":"needlebot-ai","timestamp":"2026-03-03 01:47:34.218"}
{"level":"info","message":"✅ 系统已启动，扫描间隔: 5000ms","service":"needlebot-ai","timestamp":"2026-03-03 01:47:34.226"}
{"level":"info","message":"获取到 30 个代币 (多数据源)","service":"needlebot-ai","timestamp":"2026-03-03 01:47:39.371"}
{"level":"info","message":"获取到 30 个代币 (多数据源)","service":"needlebot-ai","timestamp":"2026-03-03 01:47:44.345"}
{"level":"info","message":"获取到 30 个代币 (多数据源)","service":"needlebot-ai","timestamp":"2026-03-03 01:47:49.349"}
{"level":"info","message":"获取到 30 个代币 (多数据源)","service":"needlebot-ai","timestamp":"2026-03-03 01:47:54.352"}
{"level":"info","message":"获取到 30 个代币 (多数据源)","service":"needlebot-ai","timestamp":"2026-03-03 01:47:59.351"}
{"level":"info","message":"获取到 30 个代币 (多数据源)","service":"needlebot-ai","timestamp":"2026-03-03 01:48:09.323"}
{"level":"info","message":"获取到 30 个代币 (多数据源)","service":"needlebot-ai","timestamp":"2026-03-03 01:48:09.363"}
{"level":"info","message":"获取到 30 个代币 (多数据源)","service":"needlebot-ai","timestamp":"2026-03-03 01:48:14.354"}
{"level":"info","message":"获取到 30 个代币 (多数据源)","service":"needlebot-ai","timestamp":"2026-03-03 01:48:19.356"}
{"level":"info","message":"获取到 30 个代币 (多数据源)","service":"needlebot-ai","timestamp":"2026-03-03 01:48:24.362"}
{"level":"info","message":"获取到 30 个代币 (多数据源)","service":"needlebot-ai","timestamp":"2026-03-03 01:48:29.369"}
{"level":"info","message":"初始化 NeedleBot AI 系统...","service":"needlebot-ai","timestamp":"2026-03-03 01:48:40.885"}
{"level":"info","message":"系统组件初始化完成","service":"needlebot-ai","timestamp":"2026-03-03 01:48:40.913"}
{"level":"info","message":"🚀 启动 NeedleBot AI 系统...","service":"needlebot-ai","timestamp":"2026-03-03 01:48:40.923"}
{"level":"info","message":"🚀 启动监控系统...","service":"needlebot-ai","timestamp":"2026-03-03 01:48:40.932"}
{"level":"info","message":"✅ 监控系统已启动，检查间隔: 30000ms","service":"needlebot-ai","timestamp":"2026-03-03 01:48:40.941"}
{"level":"info","message":"📊 监控系统已启动","service":"needlebot-ai","timestamp":"2026-03-03 01:48:40.947"}
{"level":"warn","message":"[告警] CPU使用率过高: 220.3%","service":"needlebot-ai","timestamp":"2026-03-03 01:48:41.009"}
{"level":"info","message":"加载了 0 条历史交易记录","service":"needlebot-ai","timestamp":"2026-03-03 01:48:41.049"}
{"level":"info","message":"模拟交易系统初始化完成，初始余额: 1 SOL","service":"needlebot-ai","timestamp":"2026-03-03 01:48:41.052"}
{"level":"info","message":"获取到 30 个代币 (多数据源)","service":"needlebot-ai","timestamp":"2026-03-03 01:48:45.634"}
{"level":"info","message":"✅ 系统已启动，扫描间隔: 5000ms","service":"needlebot-ai","timestamp":"2026-03-03 01:48:45.644"}
{"level":"info","message":"获取到 30 个代币 (多数据源)","service":"needlebot-ai","timestamp":"2026-03-03 01:48:50.786"}
{"level":"info","message":"获取到 30 个代币 (多数据源)","service":"needlebot-ai","timestamp":"2026-03-03 01:48:55.767"}
{"level":"info","message":"获取到 30 个代币 (多数据源)","service":"needlebot-ai","timestamp":"2026-03-03 01:49:00.777"}
{"level":"info","message":"获取到 30 个代币 (多数据源)","service":"needlebot-ai","timestamp":"2026-03-03 01:49:05.769"}
{"level":"info","message":"获取到 30 个代币 (多数据源)","service":"needlebot-ai","timestamp":"2026-03-03 01:49:10.780"}
{"level":"info","message":"获取到 30 个代币 (多数据源)","service":"needlebot-ai","timestamp":"2026-03-03 01:49:20.356"}
{"level":"info","message":"获取到 30 个代币 (多数据源)","service":"needlebot-ai","timestamp":"2026-03-03 01:49:20.770"}
{"level":"info","message":"获取到 30 个代币 (多数据源)","service":"needlebot-ai","timestamp":"2026-03-03 01:49:25.805"}
{"level":"info","message":"获取到 30 个代币 (多数据源)","service":"needlebot-ai","timestamp":"2026-03-03 01:49:30.778"}
{"level":"info","message":"获取到 30 个代币 (多数据源)","service":"needlebot-ai","timestamp":"2026-03-03 01:49:35.781"}
{"level":"info","message":"获取到 30 个代币 (多数据源)","service":"needlebot-ai","timestamp":"2026-03-03 01:49:40.781"}
{"level":"info","message":"获取到 30 个代币 (多数据源)","service":"needlebot-ai","timestamp":"2026-03-03 01:49:45.807"}
{"level":"info","message":"获取到 30 个代币 (多数据源)","service":"needlebot-ai","timestamp":"2026-03-03 01:49:55.491"}
{"level":"info","message":"获取到 30 个代币 (多数据源)","service":"needlebot-ai","timestamp":"2026-03-03 01:49:55.793"}
{"level":"info","message":"获取到 30 个代币 (多数据源)","service":"needlebot-ai","timestamp":"2026-03-03 01:50:00.800"}
{"level":"info","message":"初始化 NeedleBot AI 系统...","service":"needlebot-ai","timestamp":"2026-03-03 01:50:22.481"}
{"level":"info","message":"系统组件初始化完成","service":"needlebot-ai","timestamp":"2026-03-03 01:50:22.525"}
{"level":"info","message":"🚀 启动 NeedleBot AI 系统...","service":"needlebot-ai","timestamp":"2026-03-03 01:50:22.536"}
{"level":"info","message":"🚀 启动监控系统...","service":"needlebot-ai","timestamp":"2026-03-03 01:50:22.547"}
{"level":"info","message":"✅ 监控系统已启动，检查间隔: 30000ms","service":"needlebot-ai","timestamp":"2026-03-03 01:50:22.557"}
{"level":"info","message":"📊 监控系统已启动","service":"needlebot-ai","timestamp":"2026-03-03 01:50:22.575"}
{"level":"warn","message":"[告警] CPU使用率过高: 297.9%","service":"needlebot-ai","timestamp":"2026-03-03 01:50:22.675"}
{"level":"info","message":"加载了 0 条历史交易记录","service":"needlebot-ai","timestamp":"2026-03-03 01:50:22.740"}
{"level":"info","message":"模拟交易系统初始化完成，初始余额: 1 SOL","service":"needlebot-ai","timestamp":"2026-03-03 01:50:22.746"}
{"level":"info","message":"获取到 30 个代币 (多数据源)","service":"needlebot-ai","timestamp":"2026-03-03 01:50:28.511"}
{"level":"info","message":"✅ 系统已启动，扫描间隔: 5000ms","service":"needlebot-ai","timestamp":"2026-03-03 01:50:28.524"}
{"level":"info","message":"获取到 30 个代币 (多数据源)","service":"needlebot-ai","timestamp":"2026-03-03 01:50:33.686"}
{"level":"info","message":"获取到 30 个代币 (多数据源)","service":"needlebot-ai","timestamp":"2026-03-03 01:50:38.661"}
{"level":"info","message":"获取到 30 个代币 (多数据源)","service":"needlebot-ai","timestamp":"2026-03-03 01:50:43.649"}
{"level":"info","message":"获取到 30 个代币 (多数据源)","service":"needlebot-ai","timestamp":"2026-03-03 01:50:48.650"}
{"level":"info","message":"获取到 30 个代币 (多数据源)","service":"needlebot-ai","timestamp":"2026-03-03 01:50:53.955"}
{"level":"info","message":"获取到 30 个代币 (多数据源)","service":"needlebot-ai","timestamp":"2026-03-03 01:51:03.805"}
{"level":"info","message":"获取到 30 个代币 (多数据源)","service":"needlebot-ai","timestamp":"2026-03-03 01:51:03.843"}
{"level":"info","message":"获取到 30 个代币 (多数据源)","service":"needlebot-ai","timestamp":"2026-03-03 01:51:08.655"}
{"level":"info","message":"获取到 30 个代币 (多数据源)","service":"needlebot-ai","timestamp":"2026-03-03 01:51:13.659"}
{"level":"info","message":"获取到 30 个代币 (多数据源)","service":"needlebot-ai","timestamp":"2026-03-03 01:51:18.657"}
{"level":"info","message":"获取到 30 个代币 (多数据源)","service":"needlebot-ai","timestamp":"2026-03-03 01:51:23.692"}
{"level":"info","message":"获取到 30 个代币 (多数据源)","service":"needlebot-ai","timestamp":"2026-03-03 01:51:30.050"}
{"level":"info","message":"获取到 30 个代币 (多数据源)","service":"needlebot-ai","timestamp":"2026-03-03 01:51:36.772"}
{"level":"info","message":"获取到 30 个代币 (多数据源)","service":"needlebot-ai","timestamp":"2026-03-03 01:51:38.686"}
{"level":"info","message":"获取到 30 个代币 (多数据源)","service":"needlebot-ai","timestamp":"2026-03-03 01:51:43.690"}
{"level":"info","message":"初始化 NeedleBot AI 系统...","service":"needlebot-ai","timestamp":"2026-03-03 01:52:08.558"}
{"level":"info","message":"系统组件初始化完成","service":"needlebot-ai","timestamp":"2026-03-03 01:52:08.581"}
{"level":"info","message":"🚀 启动 NeedleBot AI 系统...","service":"needlebot-ai","timestamp":"2026-03-03 01:52:08.586"}
{"level":"info","message":"🚀 启动监控系统...","service":"needlebot-ai","timestamp":"2026-03-03 01:52:08.592"}
{"level":"info","message":"✅ 监控系统已启动，检查间隔: 30000ms","service":"needlebot-ai","timestamp":"2026-03-03 01:52:08.599"}
{"level":"info","message":"📊 监控系统已启动","service":"needlebot-ai","timestamp":"2026-03-03 01:52:08.604"}
{"level":"warn","message":"[告警] CPU使用率过高: 267.7%","service":"needlebot-ai","timestamp":"2026-03-03 01:52:08.639"}
{"level":"info","message":"加载了 0 条历史交易记录","service":"needlebot-ai","timestamp":"2026-03-03 01:52:08.706"}
{"level":"info","message":"模拟交易系统初始化完成，初始余额: 1 SOL","service":"needlebot-ai","timestamp":"2026-03-03 01:52:08.710"}
{"level":"info","message":"获取到 30 个代币 (多数据源)","service":"needlebot-ai","timestamp":"2026-03-03 01:52:13.339"}
{"level":"info","message":"✅ 系统已启动，扫描间隔: 5000ms","service":"needlebot-ai","timestamp":"2026-03-03 01:52:13.353"}
{"level":"info","message":"获取到 30 个代币 (多数据源)","service":"needlebot-ai","timestamp":"2026-03-03 01:52:18.488"}
{"level":"info","message":"获取到 30 个代币 (多数据源)","service":"needlebot-ai","timestamp":"2026-03-03 01:52:23.468"}
{"level":"info","message":"获取到 30 个代币 (多数据源)","service":"needlebot-ai","timestamp":"2026-03-03 01:52:28.465"}
{"level":"info","message":"获取到 30 个代币 (多数据源)","service":"needlebot-ai","timestamp":"2026-03-03 01:52:33.480"}
{"level":"info","message":"获取到 30 个代币 (多数据源)","service":"needlebot-ai","timestamp":"2026-03-03 01:52:38.471"}
{"level":"info","message":"获取到 30 个代币 (多数据源)","service":"needlebot-ai","timestamp":"2026-03-03 01:52:48.034"}
{"level":"info","message":"获取到 30 个代币 (多数据源)","service":"needlebot-ai","timestamp":"2026-03-03 01:52:48.471"}
{"level":"info","message":"获取到 30 个代币 (多数据源)","service":"needlebot-ai","timestamp":"2026-03-03 01:52:53.476"}
{"level":"info","message":"获取到 30 个代币 (多数据源)","service":"needlebot-ai","timestamp":"2026-03-03 01:52:58.473"}
{"level":"info","message":"获取到 30 个代币 (多数据源)","service":"needlebot-ai","timestamp":"2026-03-03 01:53:03.476"}
{"level":"info","message":"获取到 30 个代币 (多数据源)","service":"needlebot-ai","timestamp":"2026-03-03 01:53:08.478"}
{"level":"info","message":"获取到 30 个代币 (多数据源)","service":"needlebot-ai","timestamp":"2026-03-03 01:53:13.481"}
{"level":"info","message":"获取到 30 个代币 (多数据源)","service":"needlebot-ai","timestamp":"2026-03-03 01:53:24.187"}
{"level":"info","message":"获取到 30 个代币 (多数据源)","service":"needlebot-ai","timestamp":"2026-03-03 01:53:24.288"}
{"level":"info","message":"获取到 30 个代币 (多数据源)","service":"needlebot-ai","timestamp":"2026-03-03 01:53:28.481"}
{"level":"info","message":"获取到 30 个代币 (多数据源)","service":"needlebot-ai","timestamp":"2026-03-03 01:53:33.483"}
{"level":"info","message":"获取到 30 个代币 (多数据源)","service":"needlebot-ai","timestamp":"2026-03-03 01:53:38.479"}
{"level":"info","message":"获取到 30 个代币 (多数据源)","service":"needlebot-ai","timestamp":"2026-03-03 01:53:43.484"}
{"level":"info","message":"获取到 30 个代币 (多数据源)","service":"needlebot-ai","timestamp":"2026-03-03 01:53:48.483"}
{"level":"info","message":"获取到 30 个代币 (多数据源)","service":"needlebot-ai","timestamp":"2026-03-03 01:53:59.351"}
{"level":"info","message":"获取到 30 个代币 (多数据源)","service":"needlebot-ai","timestamp":"2026-03-03 01:53:59.358"}
{"level":"info","message":"获取到 30 个代币 (多数据源)","service":"needlebot-ai","timestamp":"2026-03-03 01:54:03.497"}
{"level":"info","message":"获取到 30 个代币 (多数据源)","service":"needlebot-ai","timestamp":"2026-03-03 01:54:08.491"}
{"level":"info","message":"获取到 30 个代币 (多数据源)","service":"needlebot-ai","timestamp":"2026-03-03 01:54:13.499"}
{"level":"info","message":"获取到 30 个代币 (多数据源)","service":"needlebot-ai","timestamp":"2026-03-03 01:54:18.490"}
{"level":"info","message":"获取到 30 个代币 (多数据源)","service":"needlebot-ai","timestamp":"2026-03-03 01:54:23.500"}
{"level":"info","message":"获取到 30 个代币 (多数据源)","service":"needlebot-ai","timestamp":"2026-03-03 01:54:32.976"}
{"level":"info","message":"获取到 30 个代币 (多数据源)","service":"needlebot-ai","timestamp":"2026-03-03 01:54:33.496"}
{"level":"info","message":"获取到 30 个代币 (多数据源)","service":"needlebot-ai","timestamp":"2026-03-03 01:54:38.500"}
{"level":"info","message":"获取到 30 个代币 (多数据源)","service":"needlebot-ai","timestamp":"2026-03-03 01:54:43.501"}
{"level":"info","message":"获取到 30 个代币 (多数据源)","service":"needlebot-ai","timestamp":"2026-03-03 01:54:48.500"}
{"level":"info","message":"获取到 30 个代币 (多数据源)","service":"needlebot-ai","timestamp":"2026-03-03 01:54:53.497"}
{"level":"info","message":"获取到 30 个代币 (多数据源)","service":"needlebot-ai","timestamp":"2026-03-03 01:54:58.502"}
{"level":"info","message":"获取到 30 个代币 (多数据源)","service":"needlebot-ai","timestamp":"2026-03-03 01:55:10.310"}
{"level":"info","message":"获取到 30 个代币 (多数据源)","service":"needlebot-ai","timestamp":"2026-03-03 01:55:10.328"}
{"level":"info","message":"获取到 30 个代币 (多数据源)","service":"needlebot-ai","timestamp":"2026-03-03 01:55:13.509"}
{"level":"info","message":"获取到 30 个代币 (多数据源)","service":"needlebot-ai","timestamp":"2026-03-03 01:55:18.520"}
{"level":"info","message":"获取到 30 个代币 (多数据源)","service":"needlebot-ai","timestamp":"2026-03-03 01:55:23.518"}
{"level":"info","message":"获取到 30 个代币 (多数据源)","service":"needlebot-ai","timestamp":"2026-03-03 01:55:28.517"}
{"level":"info","message":"获取到 30 个代币 (多数据源)","service":"needlebot-ai","timestamp":"2026-03-03 01:55:33.515"}
{"level":"info","message":"获取到 30 个代币 (多数据源)","service":"needlebot-ai","timestamp":"2026-03-03 01:55:44.003"}
{"level":"info","message":"获取到 30 个代币 (多数据源)","service":"needlebot-ai","timestamp":"2026-03-03 01:55:44.078"}
{"level":"info","message":"获取到 30 个代币 (多数据源)","service":"needlebot-ai","timestamp":"2026-03-03 01:55:48.516"}
{"level":"info","message":"获取到 30 个代币 (多数据源)","service":"needlebot-ai","timestamp":"2026-03-03 01:55:53.522"}
{"level":"info","message":"获取到 30 个代币 (多数据源)","service":"needlebot-ai","timestamp":"2026-03-03 01:55:58.516"}
{"level":"info","message":"获取到 30 个代币 (多数据源)","service":"needlebot-ai","timestamp":"2026-03-03 01:56:03.517"}
{"level":"info","message":"获取到 30 个代币 (多数据源)","service":"needlebot-ai","timestamp":"2026-03-03 01:56:08.520"}
{"level":"info","message":"获取到 30 个代币 (多数据源)","service":"needlebot-ai","timestamp":"2026-03-03 01:56:18.408"}
{"level":"info","message":"获取到 30 个代币 (多数据源)","service":"needlebot-ai","timestamp":"2026-03-03 01:56:18.524"}
{"level":"info","message":"获取到 30 个代币 (多数据源)","service":"needlebot-ai","timestamp":"2026-03-03 01:56:23.520"}
{"level":"info","message":"获取到 30 个代币 (多数据源)","service":"needlebot-ai","timestamp":"2026-03-03 01:56:28.528"}
{"level":"info","message":"获取到 30 个代币 (多数据源)","service":"needlebot-ai","timestamp":"2026-03-03 01:56:33.521"}
{"level":"info","message":"获取到 30 个代币 (多数据源)","service":"needlebot-ai","timestamp":"2026-03-03 01:56:38.530"}
{"level":"info","message":"获取到 30 个代币 (多数据源)","service":"needlebot-ai","timestamp":"2026-03-03 01:56:43.527"}
{"level":"info","message":"获取到 30 个代币 (多数据源)","service":"needlebot-ai","timestamp":"2026-03-03 01:56:53.823"}
{"level":"info","message":"获取到 30 个代币 (多数据源)","service":"needlebot-ai","timestamp":"2026-03-03 01:56:53.853"}
{"level":"info","message":"获取到 30 个代币 (多数据源)","service":"needlebot-ai","timestamp":"2026-03-03 01:56:58.531"}
{"level":"info","message":"获取到 30 个代币 (多数据源)","service":"needlebot-ai","timestamp":"2026-03-03 01:57:03.534"}
{"level":"info","message":"获取到 30 个代币 (多数据源)","service":"needlebot-ai","timestamp":"2026-03-03 01:57:08.535"}
{"level":"info","message":"获取到 30 个代币 (多数据源)","service":"needlebot-ai","timestamp":"2026-03-03 01:57:13.534"}
{"level":"info","message":"获取到 30 个代币 (多数据源)","service":"needlebot-ai","timestamp":"2026-03-03 01:57:18.539"}
{"level":"info","message":"获取到 30 个代币 (多数据源)","service":"needlebot-ai","timestamp":"2026-03-03 01:57:28.509"}
{"level":"info","message":"获取到 30 个代币 (多数据源)","service":"needlebot-ai","timestamp":"2026-03-03 01:57:28.534"}
{"level":"info","message":"获取到 30 个代币 (多数据源)","service":"needlebot-ai","timestamp":"2026-03-03 01:57:33.544"}
{"level":"info","message":"获取到 30 个代币 (多数据源)","service":"needlebot-ai","timestamp":"2026-03-03 01:57:38.583"}
{"level":"info","message":"获取到 30 个代币 (多数据源)","service":"needlebot-ai","timestamp":"2026-03-03 01:57:43.550"}
{"level":"info","message":"获取到 30 个代币 (多数据源)","service":"needlebot-ai","timestamp":"2026-03-03 01:57:48.545"}
{"level":"info","message":"获取到 30 个代币 (多数据源)","service":"needlebot-ai","timestamp":"2026-03-03 01:57:53.545"}
{"level":"info","message":"获取到 30 个代币 (多数据源)","service":"needlebot-ai","timestamp":"2026-03-03 01:58:03.934"}
{"level":"info","message":"获取到 30 个代币 (多数据源)","service":"needlebot-ai","timestamp":"2026-03-03 01:58:04.035"}
{"level":"info","message":"获取到 30 个代币 (多数据源)","service":"needlebot-ai","timestamp":"2026-03-03 01:58:08.547"}
{"level":"info","message":"获取到 30 个代币 (多数据源)","service":"needlebot-ai","timestamp":"2026-03-03 01:58:13.548"}
{"level":"info","message":"获取到 30 个代币 (多数据源)","service":"needlebot-ai","timestamp":"2026-03-03 01:58:18.554"}
{"level":"info","message":"获取到 30 个代币 (多数据源)","service":"needlebot-ai","timestamp":"2026-03-03 01:58:23.552"}
{"level":"info","message":"获取到 30 个代币 (多数据源)","service":"needlebot-ai","timestamp":"2026-03-03 01:58:28.553"}
{"level":"info","message":"获取到 30 个代币 (多数据源)","service":"needlebot-ai","timestamp":"2026-03-03 01:58:38.571"}
{"level":"info","message":"获取到 30 个代币 (多数据源)","service":"needlebot-ai","timestamp":"2026-03-03 01:58:38.647"}
{"level":"info","message":"获取到 30 个代币 (多数据源)","service":"needlebot-ai","timestamp":"2026-03-03 01:58:43.562"}
{"level":"info","message":"获取到 30 个代币 (多数据源)","service":"needlebot-ai","timestamp":"2026-03-03 01:58:48.566"}
{"level":"info","message":"获取到 30 个代币 (多数据源)","service":"needlebot-ai","timestamp":"2026-03-03 01:58:53.559"}
{"level":"info","message":"获取到 30 个代币 (多数据源)","service":"needlebot-ai","timestamp":"2026-03-03 01:58:58.561"}
{"level":"info","message":"获取到 30 个代币 (多数据源)","service":"needlebot-ai","timestamp":"2026-03-03 01:59:03.564"}
{"level":"info","message":"获取到 30 个代币 (多数据源)","service":"needlebot-ai","timestamp":"2026-03-03 01:59:14.067"}
{"level":"info","message":"获取到 30 个代币 (多数据源)","service":"needlebot-ai","timestamp":"2026-03-03 01:59:14.172"}
{"level":"info","message":"获取到 30 个代币 (多数据源)","service":"needlebot-ai","timestamp":"2026-03-03 01:59:18.574"}
{"level":"info","message":"获取到 30 个代币 (多数据源)","service":"needlebot-ai","timestamp":"2026-03-03 01:59:23.577"}
{"level":"info","message":"获取到 30 个代币 (多数据源)","service":"needlebot-ai","timestamp":"2026-03-03 01:59:28.570"}
{"level":"info","message":"获取到 30 个代币 (多数据源)","service":"needlebot-ai","timestamp":"2026-03-03 01:59:33.578"}
{"level":"info","message":"获取到 30 个代币 (多数据源)","service":"needlebot-ai","timestamp":"2026-03-03 01:59:38.569"}
{"level":"info","message":"获取到 30 个代币 (多数据源)","service":"needlebot-ai","timestamp":"2026-03-03 01:59:48.208"}
{"level":"info","message":"获取到 30 个代币 (多数据源)","service":"needlebot-ai","timestamp":"2026-03-03 01:59:48.570"}
{"level":"info","message":"获取到 30 个代币 (多数据源)","service":"needlebot-ai","timestamp":"2026-03-03 01:59:53.588"}
{"level":"info","message":"获取到 30 个代币 (多数据源)","service":"needlebot-ai","timestamp":"2026-03-03 01:59:58.577"}
{"level":"info","message":"获取到 30 个代币 (多数据源)","service":"needlebot-ai","timestamp":"2026-03-03 02:00:03.631"}
{"level":"info","message":"获取到 30 个代币 (多数据源)","service":"needlebot-ai","timestamp":"2026-03-03 02:00:08.596"}
{"level":"info","message":"获取到 30 个代币 (多数据源)","service":"needlebot-ai","timestamp":"2026-03-03 02:00:13.598"}
{"level":"info","message":"获取到 30 个代币 (多数据源)","service":"needlebot-ai","timestamp":"2026-03-03 02:00:23.757"}
{"level":"info","message":"获取到 30 个代币 (多数据源)","service":"needlebot-ai","timestamp":"2026-03-03 02:00:23.790"}
{"level":"info","message":"获取到 30 个代币 (多数据源)","service":"needlebot-ai","timestamp":"2026-03-03 02:00:28.612"}
{"level":"info","message":"获取到 30 个代币 (多数据源)","service":"needlebot-ai","timestamp":"2026-03-03 02:00:33.619"}
{"level":"info","message":"获取到 30 个代币 (多数据源)","service":"needlebot-ai","timestamp":"2026-03-03 02:00:38.624"}
{"level":"info","message":"获取到 30 个代币 (多数据源)","service":"needlebot-ai","timestamp":"2026-03-03 02:00:43.625"}
{"level":"info","message":"获取到 30 个代币 (多数据源)","service":"needlebot-ai","timestamp":"2026-03-03 02:00:48.623"}
{"level":"info","message":"获取到 30 个代币 (多数据源)","service":"needlebot-ai","timestamp":"2026-03-03 02:01:00.039"}
{"level":"info","message":"获取到 30 个代币 (多数据源)","service":"needlebot-ai","timestamp":"2026-03-03 02:01:00.046"}
{"level":"info","message":"获取到 30 个代币 (多数据源)","service":"needlebot-ai","timestamp":"2026-03-03 02:01:03.688"}
{"level":"warn","message":"[告警] 内存使用率过高: 86.6%","service":"needlebot-ai","timestamp":"2026-03-03 02:01:08.040"}
{"level":"info","message":"获取到 30 个代币 (多数据源)","service":"needlebot-ai","timestamp":"2026-03-03 02:01:08.692"}
{"level":"info","message":"获取到 30 个代币 (多数据源)","service":"needlebot-ai","timestamp":"2026-03-03 02:01:13.696"}
{"level":"info","message":"获取到 30 个代币 (多数据源)","service":"needlebot-ai","timestamp":"2026-03-03 02:01:18.701"}
{"level":"info","message":"获取到 30 个代币 (多数据源)","service":"needlebot-ai","timestamp":"2026-03-03 02:01:23.703"}
{"level":"info","message":"获取到 30 个代币 (多数据源)","service":"needlebot-ai","timestamp":"2026-03-03 02:01:34.977"}
{"level":"info","message":"获取到 30 个代币 (多数据源)","service":"needlebot-ai","timestamp":"2026-03-03 02:01:34.982"}
{"level":"info","message":"获取到 30 个代币 (多数据源)","service":"needlebot-ai","timestamp":"2026-03-03 02:01:38.894"}
{"level":"info","message":"获取到 30 个代币 (多数据源)","service":"needlebot-ai","timestamp":"2026-03-03 02:01:43.881"}
{"level":"info","message":"获取到 30 个代币 (多数据源)","service":"needlebot-ai","timestamp":"2026-03-03 02:01:48.895"}
{"level":"info","message":"获取到 30 个代币 (多数据源)","service":"needlebot-ai","timestamp":"2026-03-03 02:01:53.910"}
{"level":"info","message":"获取到 30 个代币 (多数据源)","service":"needlebot-ai","timestamp":"2026-03-03 02:01:59.000"}
{"level":"warn","message":"[告警] 内存使用率过高: 82.8%","service":"needlebot-ai","timestamp":"2026-03-03 02:02:08.036"}
{"level":"info","message":"获取到 30 个代币 (多数据源)","service":"needlebot-ai","timestamp":"2026-03-03 02:02:08.899"}
{"level":"info","message":"获取到 30 个代币 (多数据源)","service":"needlebot-ai","timestamp":"2026-03-03 02:02:08.959"}
{"level":"info","message":"获取到 30 个代币 (多数据源)","service":"needlebot-ai","timestamp":"2026-03-03 02:02:13.897"}
{"level":"info","message":"获取到 30 个代币 (多数据源)","service":"needlebot-ai","timestamp":"2026-03-03 02:02:18.909"}
{"level":"info","message":"获取到 30 个代币 (多数据源)","service":"needlebot-ai","timestamp":"2026-03-03 02:02:23.935"}
{"level":"info","message":"获取到 30 个代币 (多数据源)","service":"needlebot-ai","timestamp":"2026-03-03 02:02:28.910"}
{"level":"info","message":"获取到 30 个代币 (多数据源)","service":"needlebot-ai","timestamp":"2026-03-03 02:02:34.299"}
{"level":"info","message":"获取到 30 个代币 (多数据源)","service":"needlebot-ai","timestamp":"2026-03-03 02:02:43.725"}
{"level":"info","message":"获取到 30 个代币 (多数据源)","service":"needlebot-ai","timestamp":"2026-03-03 02:02:43.909"}
{"level":"info","message":"获取到 30 个代币 (多数据源)","service":"needlebot-ai","timestamp":"2026-03-03 02:02:48.921"}
{"level":"info","message":"获取到 30 个代币 (多数据源)","service":"needlebot-ai","timestamp":"2026-03-03 02:02:53.923"}
{"level":"info","message":"获取到 30 个代币 (多数据源)","service":"needlebot-ai","timestamp":"2026-03-03 02:02:58.931"}
{"level":"info","message":"获取到 30 个代币 (多数据源)","service":"needlebot-ai","timestamp":"2026-03-03 02:03:03.918"}
{"level":"info","message":"获取到 30 个代币 (多数据源)","service":"needlebot-ai","timestamp":"2026-03-03 02:03:09.643"}
{"level":"info","message":"获取到 30 个代币 (多数据源)","service":"needlebot-ai","timestamp":"2026-03-03 02:03:18.334"}
{"level":"info","message":"获取到 30 个代币 (多数据源)","service":"needlebot-ai","timestamp":"2026-03-03 02:03:18.914"}
{"level":"info","message":"获取到 30 个代币 (多数据源)","service":"needlebot-ai","timestamp":"2026-03-03 02:03:23.924"}
{"level":"info","message":"获取到 30 个代币 (多数据源)","service":"needlebot-ai","timestamp":"2026-03-03 02:03:28.922"}
{"level":"info","message":"获取到 30 个代币 (多数据源)","service":"needlebot-ai","timestamp":"2026-03-03 02:03:33.929"}
{"level":"info","message":"获取到 30 个代币 (多数据源)","service":"needlebot-ai","timestamp":"2026-03-03 02:03:38.925"}
{"level":"info","message":"获取到 30 个代币 (多数据源)","service":"needlebot-ai","timestamp":"2026-03-03 02:03:44.912"}
{"level":"info","message":"获取到 30 个代币 (多数据源)","service":"needlebot-ai","timestamp":"2026-03-03 02:03:52.191"}
{"level":"info","message":"获取到 30 个代币 (多数据源)","service":"needlebot-ai","timestamp":"2026-03-03 02:03:53.929"}
{"level":"info","message":"获取到 30 个代币 (多数据源)","service":"needlebot-ai","timestamp":"2026-03-03 02:03:58.929"}
{"level":"info","message":"获取到 30 个代币 (多数据源)","service":"needlebot-ai","timestamp":"2026-03-03 02:04:03.931"}
{"level":"info","message":"获取到 30 个代币 (多数据源)","service":"needlebot-ai","timestamp":"2026-03-03 02:04:08.931"}
{"level":"info","message":"获取到 30 个代币 (多数据源)","service":"needlebot-ai","timestamp":"2026-03-03 02:04:13.937"}
{"level":"info","message":"获取到 30 个代币 (多数据源)","service":"needlebot-ai","timestamp":"2026-03-03 02:04:23.385"}
{"level":"info","message":"获取到 30 个代币 (多数据源)","service":"needlebot-ai","timestamp":"2026-03-03 02:04:23.939"}
{"level":"info","message":"获取到 30 个代币 (多数据源)","service":"needlebot-ai","timestamp":"2026-03-03 02:04:28.939"}
{"level":"info","message":"获取到 30 个代币 (多数据源)","service":"needlebot-ai","timestamp":"2026-03-03 02:04:33.943"}
{"level":"info","message":"获取到 30 个代币 (多数据源)","service":"needlebot-ai","timestamp":"2026-03-03 02:04:38.941"}
{"level":"info","message":"获取到 30 个代币 (多数据源)","service":"needlebot-ai","timestamp":"2026-03-03 02:04:43.965"}
{"level":"info","message":"获取到 30 个代币 (多数据源)","service":"needlebot-ai","timestamp":"2026-03-03 02:04:48.951"}
{"level":"info","message":"获取到 30 个代币 (多数据源)","service":"needlebot-ai","timestamp":"2026-03-03 02:04:58.552"}
{"level":"info","message":"获取到 30 个代币 (多数据源)","service":"needlebot-ai","timestamp":"2026-03-03 02:04:58.937"}
{"level":"info","message":"获取到 30 个代币 (多数据源)","service":"needlebot-ai","timestamp":"2026-03-03 02:05:04.004"}
{"level":"info","message":"获取到 30 个代币 (多数据源)","service":"needlebot-ai","timestamp":"2026-03-03 02:05:08.961"}
{"level":"info","message":"获取到 30 个代币 (多数据源)","service":"needlebot-ai","timestamp":"2026-03-03 02:05:13.961"}
{"level":"info","message":"获取到 30 个代币 (多数据源)","service":"needlebot-ai","timestamp":"2026-03-03 02:05:18.965"}
{"level":"info","message":"获取到 30 个代币 (多数据源)","service":"needlebot-ai","timestamp":"2026-03-03 02:05:23.957"}
{"level":"info","message":"获取到 30 个代币 (多数据源)","service":"needlebot-ai","timestamp":"2026-03-03 02:05:33.669"}
{"level":"info","message":"获取到 30 个代币 (多数据源)","service":"needlebot-ai","timestamp":"2026-03-03 02:05:33.975"}
{"level":"info","message":"获取到 30 个代币 (多数据源)","service":"needlebot-ai","timestamp":"2026-03-03 02:05:38.961"}
{"level":"info","message":"获取到 30 个代币 (多数据源)","service":"needlebot-ai","timestamp":"2026-03-03 02:05:43.970"}
{"level":"info","message":"获取到 30 个代币 (多数据源)","service":"needlebot-ai","timestamp":"2026-03-03 02:05:48.962"}
{"level":"info","message":"获取到 30 个代币 (多数据源)","service":"needlebot-ai","timestamp":"2026-03-03 02:05:53.959"}
{"level":"info","message":"获取到 30 个代币 (多数据源)","service":"needlebot-ai","timestamp":"2026-03-03 02:05:58.961"}
{"level":"info","message":"获取到 30 个代币 (多数据源)","service":"needlebot-ai","timestamp":"2026-03-03 02:06:09.461"}
{"level":"info","message":"获取到 30 个代币 (多数据源)","service":"needlebot-ai","timestamp":"2026-03-03 02:06:09.500"}
{"level":"info","message":"获取到 30 个代币 (多数据源)","service":"needlebot-ai","timestamp":"2026-03-03 02:06:14.017"}
{"level":"info","message":"获取到 30 个代币 (多数据源)","service":"needlebot-ai","timestamp":"2026-03-03 02:06:19.018"}
{"level":"info","message":"获取到 30 个代币 (多数据源)","service":"needlebot-ai","timestamp":"2026-03-03 02:06:24.021"}
{"level":"info","message":"获取到 30 个代币 (多数据源)","service":"needlebot-ai","timestamp":"2026-03-03 02:06:29.041"}
{"level":"info","message":"获取到 30 个代币 (多数据源)","service":"needlebot-ai","timestamp":"2026-03-03 02:06:34.021"}
{"level":"info","message":"获取到 30 个代币 (多数据源)","service":"needlebot-ai","timestamp":"2026-03-03 02:06:43.672"}
{"level":"info","message":"获取到 30 个代币 (多数据源)","service":"needlebot-ai","timestamp":"2026-03-03 02:06:44.026"}
{"level":"info","message":"获取到 30 个代币 (多数据源)","service":"needlebot-ai","timestamp":"2026-03-03 02:06:49.037"}
{"level":"info","message":"获取到 30 个代币 (多数据源)","service":"needlebot-ai","timestamp":"2026-03-03 02:06:54.036"}
{"level":"info","message":"获取到 30 个代币 (多数据源)","service":"needlebot-ai","timestamp":"2026-03-03 02:06:59.030"}
{"level":"info","message":"获取到 30 个代币 (多数据源)","service":"needlebot-ai","timestamp":"2026-03-03 02:07:04.030"}
{"level":"info","message":"获取到 30 个代币 (多数据源)","service":"needlebot-ai","timestamp":"2026-03-03 02:07:09.032"}
{"level":"info","message":"获取到 30 个代币 (多数据源)","service":"needlebot-ai","timestamp":"2026-03-03 02:07:19.270"}
{"level":"info","message":"获取到 30 个代币 (多数据源)","service":"needlebot-ai","timestamp":"2026-03-03 02:07:19.369"}
{"level":"info","message":"获取到 30 个代币 (多数据源)","service":"needlebot-ai","timestamp":"2026-03-03 02:07:24.034"}
{"level":"info","message":"获取到 30 个代币 (多数据源)","service":"needlebot-ai","timestamp":"2026-03-03 02:07:29.080"}
{"level":"info","message":"获取到 30 个代币 (多数据源)","service":"needlebot-ai","timestamp":"2026-03-03 02:07:34.034"}
{"level":"info","message":"获取到 30 个代币 (多数据源)","service":"needlebot-ai","timestamp":"2026-03-03 02:07:39.035"}
{"level":"info","message":"获取到 30 个代币 (多数据源)","service":"needlebot-ai","timestamp":"2026-03-03 02:07:44.039"}
{"level":"info","message":"获取到 30 个代币 (多数据源)","service":"needlebot-ai","timestamp":"2026-03-03 02:07:53.616"}
{"level":"info","message":"获取到 30 个代币 (多数据源)","service":"needlebot-ai","timestamp":"2026-03-03 02:07:54.039"}
{"level":"info","message":"获取到 30 个代币 (多数据源)","service":"needlebot-ai","timestamp":"2026-03-03 02:07:59.046"}
{"level":"info","message":"获取到 30 个代币 (多数据源)","service":"needlebot-ai","timestamp":"2026-03-03 02:08:04.052"}
{"level":"info","message":"获取到 30 个代币 (多数据源)","service":"needlebot-ai","timestamp":"2026-03-03 02:08:09.052"}
{"level":"info","message":"获取到 30 个代币 (多数据源)","service":"needlebot-ai","timestamp":"2026-03-03 02:08:14.052"}
{"level":"info","message":"获取到 30 个代币 (多数据源)","service":"needlebot-ai","timestamp":"2026-03-03 02:08:19.043"}
{"level":"info","message":"获取到 30 个代币 (多数据源)","service":"needlebot-ai","timestamp":"2026-03-03 02:08:28.423"}
{"level":"info","message":"获取到 30 个代币 (多数据源)","service":"needlebot-ai","timestamp":"2026-03-03 02:08:29.047"}
{"level":"info","message":"获取到 30 个代币 (多数据源)","service":"needlebot-ai","timestamp":"2026-03-03 02:08:34.047"}
{"level":"info","message":"获取到 30 个代币 (多数据源)","service":"needlebot-ai","timestamp":"2026-03-03 02:08:39.048"}
{"level":"info","message":"获取到 30 个代币 (多数据源)","service":"needlebot-ai","timestamp":"2026-03-03 02:08:44.055"}
{"level":"info","message":"获取到 30 个代币 (多数据源)","service":"needlebot-ai","timestamp":"2026-03-03 02:08:49.059"}
{"level":"info","message":"获取到 30 个代币 (多数据源)","service":"needlebot-ai","timestamp":"2026-03-03 02:08:54.055"}
{"level":"info","message":"获取到 30 个代币 (多数据源)","service":"needlebot-ai","timestamp":"2026-03-03 02:09:03.884"}
{"level":"info","message":"获取到 30 个代币 (多数据源)","service":"needlebot-ai","timestamp":"2026-03-03 02:09:04.060"}
{"level":"info","message":"获取到 30 个代币 (多数据源)","service":"needlebot-ai","timestamp":"2026-03-03 02:09:09.059"}
{"level":"info","message":"获取到 30 个代币 (多数据源)","service":"needlebot-ai","timestamp":"2026-03-03 02:09:14.062"}
{"level":"info","message":"获取到 30 个代币 (多数据源)","service":"needlebot-ai","timestamp":"2026-03-03 02:09:19.064"}
{"level":"info","message":"获取到 30 个代币 (多数据源)","service":"needlebot-ai","timestamp":"2026-03-03 02:09:24.061"}
{"level":"info","message":"获取到 30 个代币 (多数据源)","service":"needlebot-ai","timestamp":"2026-03-03 02:09:29.062"}
{"level":"info","message":"获取到 30 个代币 (多数据源)","service":"needlebot-ai","timestamp":"2026-03-03 02:09:39.026"}
{"level":"info","message":"获取到 30 个代币 (多数据源)","service":"needlebot-ai","timestamp":"2026-03-03 02:09:39.062"}
{"level":"info","message":"获取到 30 个代币 (多数据源)","service":"needlebot-ai","timestamp":"2026-03-03 02:09:44.062"}
{"level":"info","message":"获取到 30 个代币 (多数据源)","service":"needlebot-ai","timestamp":"2026-03-03 02:09:49.072"}
{"level":"info","message":"获取到 30 个代币 (多数据源)","service":"needlebot-ai","timestamp":"2026-03-03 02:09:54.064"}
{"level":"info","message":"获取到 30 个代币 (多数据源)","service":"needlebot-ai","timestamp":"2026-03-03 02:09:59.068"}
{"level":"info","message":"获取到 30 个代币 (多数据源)","service":"needlebot-ai","timestamp":"2026-03-03 02:10:04.073"}
{"level":"info","message":"获取到 30 个代币 (多数据源)","service":"needlebot-ai","timestamp":"2026-03-03 02:10:13.836"}
{"level":"info","message":"获取到 30 个代币 (多数据源)","service":"needlebot-ai","timestamp":"2026-03-03 02:10:14.072"}
{"level":"info","message":"获取到 30 个代币 (多数据源)","service":"needlebot-ai","timestamp":"2026-03-03 02:10:19.088"}
{"level":"info","message":"获取到 30 个代币 (多数据源)","service":"needlebot-ai","timestamp":"2026-03-03 02:10:24.086"}
{"level":"info","message":"获取到 30 个代币 (多数据源)","service":"needlebot-ai","timestamp":"2026-03-03 02:10:29.088"}
{"level":"info","message":"获取到 30 个代币 (多数据源)","service":"needlebot-ai","timestamp":"2026-03-03 02:10:34.111"}
{"level":"info","message":"获取到 30 个代币 (多数据源)","service":"needlebot-ai","timestamp":"2026-03-03 02:10:39.099"}
{"level":"info","message":"获取到 30 个代币 (多数据源)","service":"needlebot-ai","timestamp":"2026-03-03 02:10:48.951"}
{"level":"info","message":"获取到 30 个代币 (多数据源)","service":"needlebot-ai","timestamp":"2026-03-03 02:10:49.116"}
{"level":"info","message":"获取到 30 个代币 (多数据源)","service":"needlebot-ai","timestamp":"2026-03-03 02:10:54.109"}
{"level":"info","message":"获取到 30 个代币 (多数据源)","service":"needlebot-ai","timestamp":"2026-03-03 02:10:59.116"}
{"level":"info","message":"获取到 30 个代币 (多数据源)","service":"needlebot-ai","timestamp":"2026-03-03 02:11:04.122"}
{"level":"info","message":"获取到 30 个代币 (多数据源)","service":"needlebot-ai","timestamp":"2026-03-03 02:11:09.112"}
{"level":"info","message":"获取到 30 个代币 (多数据源)","service":"needlebot-ai","timestamp":"2026-03-03 02:11:14.114"}
{"level":"info","message":"获取到 30 个代币 (多数据源)","service":"needlebot-ai","timestamp":"2026-03-03 02:11:23.706"}
{"level":"info","message":"获取到 30 个代币 (多数据源)","service":"needlebot-ai","timestamp":"2026-03-03 02:11:24.118"}
{"level":"info","message":"获取到 30 个代币 (多数据源)","service":"needlebot-ai","timestamp":"2026-03-03 02:11:29.113"}
{"level":"info","message":"获取到 30 个代币 (多数据源)","service":"needlebot-ai","timestamp":"2026-03-03 02:11:34.118"}
{"level":"info","message":"获取到 30 个代币 (多数据源)","service":"needlebot-ai","timestamp":"2026-03-03 02:11:39.119"}
{"level":"info","message":"获取到 30 个代币 (多数据源)","service":"needlebot-ai","timestamp":"2026-03-03 02:11:44.123"}
{"level":"info","message":"获取到 30 个代币 (多数据源)","service":"needlebot-ai","timestamp":"2026-03-03 02:11:49.128"}
{"level":"info","message":"获取到 30 个代币 (多数据源)","service":"needlebot-ai","timestamp":"2026-03-03 02:11:58.892"}
{"level":"info","message":"获取到 30 个代币 (多数据源)","service":"needlebot-ai","timestamp":"2026-03-03 02:11:59.127"}
{"level":"info","message":"获取到 30 个代币 (多数据源)","service":"needlebot-ai","timestamp":"2026-03-03 02:12:04.121"}
{"level":"info","message":"获取到 30 个代币 (多数据源)","service":"needlebot-ai","timestamp":"2026-03-03 02:12:09.128"}
{"level":"info","message":"获取到 30 个代币 (多数据源)","service":"needlebot-ai","timestamp":"2026-03-03 02:12:14.122"}
{"level":"info","message":"获取到 30 个代币 (多数据源)","service":"needlebot-ai","timestamp":"2026-03-03 02:12:19.125"}
{"level":"info","message":"获取到 30 个代币 (多数据源)","service":"needlebot-ai","timestamp":"2026-03-03 02:12:24.131"}
{"level":"info","message":"获取到 30 个代币 (多数据源)","service":"needlebot-ai","timestamp":"2026-03-03 02:12:33.776"}
{"level":"info","message":"获取到 30 个代币 (多数据源)","service":"needlebot-ai","timestamp":"2026-03-03 02:12:34.129"}
{"level":"info","message":"获取到 30 个代币 (多数据源)","service":"needlebot-ai","timestamp":"2026-03-03 02:12:39.131"}
{"level":"info","message":"获取到 30 个代币 (多数据源)","service":"needlebot-ai","timestamp":"2026-03-03 02:12:44.132"}
{"level":"info","message":"获取到 30 个代币 (多数据源)","service":"needlebot-ai","timestamp":"2026-03-03 02:12:49.131"}
{"level":"info","message":"获取到 30 个代币 (多数据源)","service":"needlebot-ai","timestamp":"2026-03-03 02:12:54.137"}
{"level":"info","message":"获取到 30 个代币 (多数据源)","service":"needlebot-ai","timestamp":"2026-03-03 02:12:59.135"}
{"level":"info","message":"获取到 30 个代币 (多数据源)","service":"needlebot-ai","timestamp":"2026-03-03 02:13:09.034"}
{"level":"info","message":"获取到 30 个代币 (多数据源)","service":"needlebot-ai","timestamp":"2026-03-03 02:13:09.138"}
{"level":"info","message":"获取到 30 个代币 (多数据源)","service":"needlebot-ai","timestamp":"2026-03-03 02:13:14.139"}
{"level":"info","message":"获取到 30 个代币 (多数据源)","service":"needlebot-ai","timestamp":"2026-03-03 02:13:19.143"}
{"level":"info","message":"获取到 30 个代币 (多数据源)","service":"needlebot-ai","timestamp":"2026-03-03 02:13:24.150"}
{"level":"info","message":"获取到 30 个代币 (多数据源)","service":"needlebot-ai","timestamp":"2026-03-03 02:13:29.151"}
{"level":"info","message":"获取到 30 个代币 (多数据源)","service":"needlebot-ai","timestamp":"2026-03-03 02:13:34.154"}
{"level":"info","message":"获取到 30 个代币 (多数据源)","service":"needlebot-ai","timestamp":"2026-03-03 02:13:43.489"}
{"level":"info","message":"获取到 30 个代币 (多数据源)","service":"needlebot-ai","timestamp":"2026-03-03 02:13:44.146"}
{"level":"info","message":"获取到 30 个代币 (多数据源)","service":"needlebot-ai","timestamp":"2026-03-03 02:13:49.147"}
{"level":"info","message":"获取到 30 个代币 (多数据源)","service":"needlebot-ai","timestamp":"2026-03-03 02:13:54.153"}
{"level":"info","message":"获取到 30 个代币 (多数据源)","service":"needlebot-ai","timestamp":"2026-03-03 02:13:59.151"}
{"level":"info","message":"获取到 30 个代币 (多数据源)","service":"needlebot-ai","timestamp":"2026-03-03 02:14:04.160"}
{"level":"info","message":"获取到 30 个代币 (多数据源)","service":"needlebot-ai","timestamp":"2026-03-03 02:14:09.155"}
{"level":"info","message":"获取到 30 个代币 (多数据源)","service":"needlebot-ai","timestamp":"2026-03-03 02:14:19.194"}
{"level":"info","message":"获取到 30 个代币 (多数据源)","service":"needlebot-ai","timestamp":"2026-03-03 02:14:19.241"}
{"level":"info","message":"获取到 30 个代币 (多数据源)","service":"needlebot-ai","timestamp":"2026-03-03 02:14:24.165"}
{"level":"info","message":"获取到 30 个代币 (多数据源)","service":"needlebot-ai","timestamp":"2026-03-03 02:14:29.179"}
{"level":"info","message":"获取到 30 个代币 (多数据源)","service":"needlebot-ai","timestamp":"2026-03-03 02:14:34.164"}
{"level":"info","message":"获取到 30 个代币 (多数据源)","service":"needlebot-ai","timestamp":"2026-03-03 02:14:39.162"}
{"level":"info","message":"获取到 30 个代币 (多数据源)","service":"needlebot-ai","timestamp":"2026-03-03 02:14:44.166"}
{"level":"info","message":"获取到 30 个代币 (多数据源)","service":"needlebot-ai","timestamp":"2026-03-03 02:14:53.556"}
{"level":"info","message":"获取到 30 个代币 (多数据源)","service":"needlebot-ai","timestamp":"2026-03-03 02:14:54.166"}
{"level":"info","message":"获取到 30 个代币 (多数据源)","service":"needlebot-ai","timestamp":"2026-03-03 02:14:59.184"}
{"level":"info","message":"获取到 30 个代币 (多数据源)","service":"needlebot-ai","timestamp":"2026-03-03 02:15:04.178"}
{"level":"info","message":"获取到 30 个代币 (多数据源)","service":"needlebot-ai","timestamp":"2026-03-03 02:15:09.179"}
{"level":"info","message":"获取到 30 个代币 (多数据源)","service":"needlebot-ai","timestamp":"2026-03-03 02:15:14.188"}
{"level":"info","message":"获取到 30 个代币 (多数据源)","service":"needlebot-ai","timestamp":"2026-03-03 02:15:19.181"}
{"level":"info","message":"获取到 30 个代币 (多数据源)","service":"needlebot-ai","timestamp":"2026-03-03 02:15:31.310"}
{"level":"info","message":"获取到 30 个代币 (多数据源)","service":"needlebot-ai","timestamp":"2026-03-03 02:15:31.378"}
{"level":"info","message":"获取到 30 个代币 (多数据源)","service":"needlebot-ai","timestamp":"2026-03-03 02:15:34.393"}
{"level":"info","message":"获取到 30 个代币 (多数据源)","service":"needlebot-ai","timestamp":"2026-03-03 02:15:39.361"}
{"level":"info","message":"获取到 30 个代币 (多数据源)","service":"needlebot-ai","timestamp":"2026-03-03 02:15:44.349"}
{"level":"info","message":"获取到 30 个代币 (多数据源)","service":"needlebot-ai","timestamp":"2026-03-03 02:15:49.343"}
{"level":"info","message":"获取到 30 个代币 (多数据源)","service":"needlebot-ai","timestamp":"2026-03-03 02:15:54.343"}
{"level":"info","message":"获取到 30 个代币 (多数据源)","service":"needlebot-ai","timestamp":"2026-03-03 02:16:04.234"}
{"level":"info","message":"获取到 30 个代币 (多数据源)","service":"needlebot-ai","timestamp":"2026-03-03 02:16:04.342"}
{"level":"info","message":"获取到 30 个代币 (多数据源)","service":"needlebot-ai","timestamp":"2026-03-03 02:16:09.362"}
{"level":"info","message":"获取到 30 个代币 (多数据源)","service":"needlebot-ai","timestamp":"2026-03-03 02:16:14.356"}
{"level":"info","message":"获取到 30 个代币 (多数据源)","service":"needlebot-ai","timestamp":"2026-03-03 02:16:19.352"}
{"level":"info","message":"获取到 30 个代币 (多数据源)","service":"needlebot-ai","timestamp":"2026-03-03 02:16:24.353"}
{"level":"info","message":"获取到 30 个代币 (多数据源)","service":"needlebot-ai","timestamp":"2026-03-03 02:16:29.356"}
{"level":"info","message":"获取到 30 个代币 (多数据源)","service":"needlebot-ai","timestamp":"2026-03-03 02:16:42.664"}
{"level":"info","message":"获取到 30 个代币 (多数据源)","service":"needlebot-ai","timestamp":"2026-03-03 02:16:42.669"}
{"level":"info","message":"获取到 30 个代币 (多数据源)","service":"needlebot-ai","timestamp":"2026-03-03 02:16:44.359"}
{"level":"info","message":"获取到 30 个代币 (多数据源)","service":"needlebot-ai","timestamp":"2026-03-03 02:16:49.368"}
{"level":"info","message":"获取到 30 个代币 (多数据源)","service":"needlebot-ai","timestamp":"2026-03-03 02:16:54.365"}
{"level":"info","message":"获取到 30 个代币 (多数据源)","service":"needlebot-ai","timestamp":"2026-03-03 02:16:59.368"}
{"level":"info","message":"获取到 30 个代币 (多数据源)","service":"needlebot-ai","timestamp":"2026-03-03 02:17:04.368"}
{"level":"info","message":"获取到 30 个代币 (多数据源)","service":"needlebot-ai","timestamp":"2026-03-03 02:17:14.094"}
{"level":"info","message":"获取到 30 个代币 (多数据源)","service":"needlebot-ai","timestamp":"2026-03-03 02:17:14.385"}
{"level":"info","message":"获取到 30 个代币 (多数据源)","service":"needlebot-ai","timestamp":"2026-03-03 02:17:19.373"}
{"level":"info","message":"获取到 30 个代币 (多数据源)","service":"needlebot-ai","timestamp":"2026-03-03 02:17:24.375"}
{"level":"info","message":"获取到 30 个代币 (多数据源)","service":"needlebot-ai","timestamp":"2026-03-03 02:17:29.379"}
{"level":"info","message":"获取到 30 个代币 (多数据源)","service":"needlebot-ai","timestamp":"2026-03-03 02:17:34.378"}
{"level":"info","message":"获取到 30 个代币 (多数据源)","service":"needlebot-ai","timestamp":"2026-03-03 02:17:39.384"}
{"level":"info","message":"获取到 30 个代币 (多数据源)","service":"needlebot-ai","timestamp":"2026-03-03 02:17:49.306"}
{"level":"info","message":"获取到 30 个代币 (多数据源)","service":"needlebot-ai","timestamp":"2026-03-03 02:17:49.392"}
{"level":"info","message":"获取到 30 个代币 (多数据源)","service":"needlebot-ai","timestamp":"2026-03-03 02:17:54.397"}
{"level":"info","message":"获取到 30 个代币 (多数据源)","service":"needlebot-ai","timestamp":"2026-03-03 02:17:59.412"}
{"level":"info","message":"获取到 30 个代币 (多数据源)","service":"needlebot-ai","timestamp":"2026-03-03 02:18:04.629"}
{"level":"warn","message":"[告警] CPU使用率过高: 168.4%","service":"needlebot-ai","timestamp":"2026-03-03 02:18:08.575"}
{"level":"info","message":"获取到 30 个代币 (多数据源)","service":"needlebot-ai","timestamp":"2026-03-03 02:18:10.432"}
{"level":"warn","message":"[告警] CPU使用率过高: 1215.9%","service":"needlebot-ai","timestamp":"2026-03-03 02:18:42.352"}
{"level":"warn","message":"[告警] CPU使用率过高: 785.6%","service":"needlebot-ai","timestamp":"2026-03-03 02:19:12.277"}
{"level":"warn","message":"[告警] CPU使用率过高: 1337.7%","service":"needlebot-ai","timestamp":"2026-03-03 02:19:45.624"}
{"level":"warn","message":"[告警] CPU使用率过高: 1618.0%","service":"needlebot-ai","timestamp":"2026-03-03 02:20:28.070"}
{"level":"warn","message":"[告警] CPU使用率过高: 1202.5%","service":"needlebot-ai","timestamp":"2026-03-03 02:20:52.425"}
{"level":"warn","message":"[告警] CPU使用率过高: 1686.4%","service":"needlebot-ai","timestamp":"2026-03-03 02:21:25.409"}
{"level":"warn","message":"[告警] CPU使用率过高: 1261.3%","service":"needlebot-ai","timestamp":"2026-03-03 02:21:56.140"}
{"level":"info","message":"初始化 NeedleBot AI 系统...","service":"needlebot-ai","timestamp":"2026-03-03 03:32:11.894"}
{"level":"info","message":"系统组件初始化完成","service":"needlebot-ai","timestamp":"2026-03-03 03:32:11.912"}
{"level":"info","message":"🚀 启动 NeedleBot AI 系统...","service":"needlebot-ai","timestamp":"2026-03-03 03:32:11.917"}
{"level":"info","message":"🚀 启动监控系统...","service":"needlebot-ai","timestamp":"2026-03-03 03:32:11.928"}
{"level":"info","message":"✅ 监控系统已启动，检查间隔: 30000ms","service":"needlebot-ai","timestamp":"2026-03-03 03:32:11.932"}
{"level":"info","message":"📊 监控系统已启动","service":"needlebot-ai","timestamp":"2026-03-03 03:32:11.937"}
{"level":"warn","message":"[告警] CPU使用率过高: 280.8%","service":"needlebot-ai","timestamp":"2026-03-03 03:32:11.971"}
{"level":"info","message":"加载了 0 条历史交易记录","service":"needlebot-ai","timestamp":"2026-03-03 03:32:12.020"}
{"level":"info","message":"模拟交易系统初始化完成，初始余额: 1 SOL","service":"needlebot-ai","timestamp":"2026-03-03 03:32:12.023"}
{"level":"info","message":"获取到 30 个代币 (多数据源)","service":"needlebot-ai","timestamp":"2026-03-03 03:32:18.348"}
{"level":"info","message":"✅ 系统已启动，扫描间隔: 5000ms","service":"needlebot-ai","timestamp":"2026-03-03 03:32:18.354"}
{"level":"info","message":"获取到 30 个代币 (多数据源)","service":"needlebot-ai","timestamp":"2026-03-03 03:32:23.502"}
{"level":"info","message":"获取到 30 个代币 (多数据源)","service":"needlebot-ai","timestamp":"2026-03-03 03:32:28.473"}
{"level":"info","message":"获取到 30 个代币 (多数据源)","service":"needlebot-ai","timestamp":"2026-03-03 03:32:33.685"}
{"level":"info","message":"获取到 30 个代币 (多数据源)","service":"needlebot-ai","timestamp":"2026-03-03 03:32:38.469"}
{"level":"info","message":"获取到 30 个代币 (多数据源)","service":"needlebot-ai","timestamp":"2026-03-03 03:32:44.846"}
{"level":"warn","message":"[告警] CPU使用率过高: 372.2%","service":"needlebot-ai","timestamp":"2026-03-03 03:33:12.069"}
{"level":"warn","message":"[告警] CPU使用率过高: 670.3%","service":"needlebot-ai","timestamp":"2026-03-03 03:33:43.396"}
{"level":"warn","message":"[告警] CPU使用率过高: 1111.6%","service":"needlebot-ai","timestamp":"2026-03-03 03:34:16.255"}
{"level":"info","message":"获取到 27 个代币 (多数据源)","service":"needlebot-ai","timestamp":"2026-03-03 03:34:45.514"}
{"level":"warn","message":"[告警] CPU使用率过高: 1178.8%","service":"needlebot-ai","timestamp":"2026-03-03 03:34:48.827"}
{"level":"info","message":"获取到 28 个代币 (多数据源)","service":"needlebot-ai","timestamp":"2026-03-03 03:34:51.211"}
{"level":"info","message":"获取到 29 个代币 (多数据源)","service":"needlebot-ai","timestamp":"2026-03-03 03:34:51.214"}
{"level":"info","message":"获取到 28 个代币 (多数据源)","service":"needlebot-ai","timestamp":"2026-03-03 03:34:51.217"}
{"level":"info","message":"获取到 28 个代币 (多数据源)","service":"needlebot-ai","timestamp":"2026-03-03 03:34:51.219"}
{"level":"warn","message":"[告警] CPU使用率过高: 1436.0%","service":"needlebot-ai","timestamp":"2026-03-03 03:35:23.548"}
{"level":"warn","message":"[告警] CPU使用率过高: 1263.7%","service":"needlebot-ai","timestamp":"2026-03-03 03:35:51.701"}
